<?xml version="1.0" encoding="UTF-8" ?>
<testsuite tests="14" failures="0" name="com.example.mockdemo.app.EasyMockMessengerTest" time="0.047" errors="0" skipped="0">
  <properties>
[...]
</properties>
  <testcase classname="com.example.mockdemo.app.EasyMockMessengerTest" name="CorrectServerNullMsgSendingStatus" time="0.047"/>
  <testcase classname="com.example.mockdemo.app.EasyMockMessengerTest" name="NullServerConnectionStatus" time="0"/>
  <testcase classname="com.example.mockdemo.app.EasyMockMessengerTest" name="BothNullSendingStatus" time="0"/>
  <testcase classname="com.example.mockdemo.app.EasyMockMessengerTest" name="CorrectMsgNullServerSendingStatus" time="0"/>
  <testcase classname="com.example.mockdemo.app.EasyMockMessengerTest" name="CorrectServerWithErrorConnectionStatus" time="0"/>
  <testcase classname="com.example.mockdemo.app.EasyMockMessengerTest" name="CorrectServerConnectionStatus" time="0"/>
  <testcase classname="com.example.mockdemo.app.EasyMockMessengerTest" name="InvalidServerNMsgSendingStatus" time="0"/>
  <testcase classname="com.example.mockdemo.app.EasyMockMessengerTest" name="CorrectWithErrorSendingStatus" time="0"/>
  <testcase classname="com.example.mockdemo.app.EasyMockMessengerTest" name="CorrectServerInvalidMessageSendingStatus" time="0"/>
  <testcase classname="com.example.mockdemo.app.EasyMockMessengerTest" name="InvalidServerSendingStatus" time="0"/>
  <testcase classname="com.example.mockdemo.app.EasyMockMessengerTest" name="CorrectSendingStatus" time="0"/>
  <testcase classname="com.example.mockdemo.app.EasyMockMessengerTest" name="InvalidServerNullMsgSendingStatus" time="0"/>
  <testcase classname="com.example.mockdemo.app.EasyMockMessengerTest" name="NullServerInvalidMsgSendingStatus" time="0"/>
  <testcase classname="com.example.mockdemo.app.EasyMockMessengerTest" name="InvalidServerConnectionStatus" time="0"/>
</testsuite>